#
# A fatal error has been detected by the Java Runtime Environment:
#
#  EXCEPTION_ACCESS_VIOLATION (0xc0000005) at pc=0x0000000000000000, pid=19876, tid=19576
#
# JRE version: Java(TM) SE Runtime Environment (8.0_71-b15) (build 1.8.0_71-b15)
# Java VM: Java HotSpot(TM) 64-Bit Server VM (25.71-b15 mixed mode windows-amd64 compressed oops)
# Problematic frame:
# C  0x0000000000000000
#
# Failed to write core dump. Minidumps are not enabled by default on client versions of Windows
#
# If you would like to submit a bug report, please visit:
#   http://bugreport.java.com/bugreport/crash.jsp
# The crash happened outside the Java Virtual Machine in native code.
# See problematic frame for where to report the bug.
#

---------------  T H R E A D  ---------------

Current thread (0x00000000029ad800):  JavaThread "main" [_thread_in_native, id=19576, stack(0x00000000029b0000,0x0000000002ab0000)]

siginfo: ExceptionCode=0xc0000005, ExceptionInformation=0x0000000000000008 0x0000000000000000

Registers:
RAX=0x0000000071f83160, RBX=0x0000000002ba478a, RCX=0x0000000000bef4f0, RDX=0x0000000002aaf410
RSP=0x0000000002aaf3b8, RBP=0x0000000002aaf420, RSI=0x0000000000000000, RDI=0x0000000000000000
R8 =0x00007ffc8e731b30, R9 =0x0000000000bef4f0, R10=0x00007ffc8f371a30, R11=0x00000000d8578448
R12=0x0000000000000000, R13=0x000000076c011158, R14=0x0000000002aaf410, R15=0x00000000029ad800
RIP=0x0000000000000000, EFLAGS=0x0000000000010206

Top of Stack: (sp=0x0000000002aaf3b8)
0x0000000002aaf3b8:   0000000002f593ca 00000006c2bc2220
0x0000000002aaf3c8:   00000006c2bc2188 00000000d857e7dd
0x0000000002aaf3d8:   00000006c2b21a68 00010000d8578468
0x0000000002aaf3e8:   00000006c2bc2328 00000006c2bc2340
0x0000000002aaf3f8:   000000076c00fcf0 00000007c0044ac0
0x0000000002aaf408:   0000000002f03bd8 00000006c0a00440
0x0000000002aaf418:   0000000000000246 00000000d8578444
0x0000000002aaf428:   0000000002f954c8 00010000d85784ee
0x0000000002aaf438:   0000000002bcba2c 0000000000000003
0x0000000002aaf448:   000000001decaee8 3e4b3bbc7a000000
0x0000000002aaf458:   00000007c0057268 000000063e4ccccd
0x0000000002aaf468:   3f9110f936eef4e1 0000000772e10598
0x0000000002aaf478:   0000000772e10530 0000000772e10558
0x0000000002aaf488:   0000000772e10570 00000006c2b21a90
0x0000000002aaf498:   00000006c2b21ab8 3f91111111111111
0x0000000002aaf4a8:   3fea0291a5e00000 0000001f00000031 

Instructions: (pc=0x0000000000000000)
0xffffffffffffffe0:   


Register to memory mapping:

RAX=0x0000000071f83160 is an unknown value
RBX=0x0000000002ba478a is an unknown value
RCX=0x0000000000bef4f0 is an unknown value
RDX=0x0000000002aaf410 is pointing into the stack for thread: 0x00000000029ad800
RSP=0x0000000002aaf3b8 is pointing into the stack for thread: 0x00000000029ad800
RBP=0x0000000002aaf420 is pointing into the stack for thread: 0x00000000029ad800
RSI=0x0000000000000000 is an unknown value
RDI=0x0000000000000000 is an unknown value
R8 =0x00007ffc8e731b30 is an unknown value
R9 =0x0000000000bef4f0 is an unknown value
R10=0x00007ffc8f371a30 is an unknown value
R11=0x00000000d8578448 is an unknown value
R12=0x0000000000000000 is an unknown value
R13=0x000000076c011158 is an oop
java.nio.DirectByteBuffer 
 - klass: 'java/nio/DirectByteBuffer'
R14=0x0000000002aaf410 is pointing into the stack for thread: 0x00000000029ad800
R15=0x00000000029ad800 is a thread


Stack: [0x00000000029b0000,0x0000000002ab0000],  sp=0x0000000002aaf3b8,  free space=1020k
Native frames: (J=compiled Java code, j=interpreted, Vv=VM code, C=native code)

Java frames: (J=compiled Java code, j=interpreted, Vv=VM code)
J 1026  org.lwjgl.system.JNI.invokePV(JJ)V (0 bytes) @ 0x0000000002f59344 [0x0000000002f59300+0x44]
J 1076% C2 Main.<init>()V (428 bytes) @ 0x0000000002f954c8 [0x0000000002f94580+0xf48]
j  Main.main([Ljava/lang/String;)V+3
v  ~StubRoutines::call_stub

---------------  P R O C E S S  ---------------

Java Threads: ( => current thread )
  0x000000001e476800 JavaThread "Java2D Disposer" daemon [_thread_blocked, id=22292, stack(0x00000000264f0000,0x00000000265f0000)]
  0x000000001c27e800 JavaThread "Service Thread" daemon [_thread_blocked, id=10844, stack(0x000000001df70000,0x000000001e070000)]
  0x000000001c229000 JavaThread "C1 CompilerThread2" daemon [_thread_blocked, id=6192, stack(0x000000001da70000,0x000000001db70000)]
  0x000000001c220000 JavaThread "C2 CompilerThread1" daemon [_thread_blocked, id=18828, stack(0x000000001d970000,0x000000001da70000)]
  0x000000001c21d000 JavaThread "C2 CompilerThread0" daemon [_thread_blocked, id=5508, stack(0x000000001d870000,0x000000001d970000)]
  0x000000001c21b000 JavaThread "Attach Listener" daemon [_thread_blocked, id=9772, stack(0x000000001d770000,0x000000001d870000)]
  0x000000001c219800 JavaThread "Signal Dispatcher" daemon [_thread_blocked, id=6116, stack(0x000000001d670000,0x000000001d770000)]
  0x0000000002ba6800 JavaThread "Finalizer" daemon [_thread_blocked, id=19120, stack(0x000000001d480000,0x000000001d580000)]
  0x000000001c1e9800 JavaThread "Reference Handler" daemon [_thread_blocked, id=17372, stack(0x000000001d380000,0x000000001d480000)]
=>0x00000000029ad800 JavaThread "main" [_thread_in_native, id=19576, stack(0x00000000029b0000,0x0000000002ab0000)]

Other Threads:
  0x000000001c1e7000 VMThread [stack: 0x000000001d280000,0x000000001d380000] [id=20260]
  0x000000001dbad800 WatcherThread [stack: 0x000000001e070000,0x000000001e170000] [id=800]

VM state:not at safepoint (normal execution)

VM Mutex/Monitor currently owned by a thread: None

Heap:
 PSYoungGen      total 35328K, used 22707K [0x000000076ae00000, 0x000000076d480000, 0x00000007c0000000)
  eden space 31232K, 60% used [0x000000076ae00000,0x000000076c04cfa8,0x000000076cc80000)
  from space 4096K, 96% used [0x000000076d080000,0x000000076d460000,0x000000076d480000)
  to   space 4096K, 0% used [0x000000076cc80000,0x000000076cc80000,0x000000076d080000)
 ParOldGen       total 175104K, used 35823K [0x00000006c0a00000, 0x00000006cb500000, 0x000000076ae00000)
  object space 175104K, 20% used [0x00000006c0a00000,0x00000006c2cfbd10,0x00000006cb500000)
 Metaspace       used 11708K, capacity 11907K, committed 12160K, reserved 1060864K
  class space    used 973K, capacity 1066K, committed 1152K, reserved 1048576K

Card table byte_map: [0x0000000011f70000,0x0000000012770000] byte_map_base: 0x000000000e96b000

Marking Bits: (ParMarkBitMap*) 0x0000000072c5f600
 Begin Bits: [0x00000000130d0000, 0x00000000170a8000)
 End Bits:   [0x00000000170a8000, 0x000000001b080000)

Polling page: 0x0000000000b20000

CodeCache: size=245760Kb used=4145Kb max_used=4145Kb free=241614Kb
 bounds [0x0000000002bb0000, 0x0000000002fd0000, 0x0000000011bb0000]
 total_blobs=2031 nmethods=1101 adapters=843
 compilation: enabled

Compilation events (10 events):
Event: 151.052 Thread 0x000000001c229000 1097   !   3       java.io.PrintStream::write (83 bytes)
Event: 151.053 Thread 0x000000001c229000 nmethod 1097 0x0000000002fac090 code [0x0000000002fac2c0, 0x0000000002face88]
Event: 151.053 Thread 0x000000001c229000 1098   !   3       java.io.PrintStream::newLine (73 bytes)
Event: 151.053 Thread 0x000000001c229000 nmethod 1098 0x0000000002faad10 code [0x0000000002faaf20, 0x0000000002fab958]
Event: 259.069 Thread 0x000000001c229000 1099       3       java.lang.Integer::toString (48 bytes)
Event: 259.069 Thread 0x000000001c229000 nmethod 1099 0x0000000002fa7450 code [0x0000000002fa7620, 0x0000000002fa7c68]
Event: 259.069 Thread 0x000000001c229000 1100   !   3       java.io.PrintStream::println (24 bytes)
Event: 259.069 Thread 0x000000001c229000 nmethod 1100 0x0000000002fa9f10 code [0x0000000002faa0a0, 0x0000000002faa498]
Event: 278.069 Thread 0x000000001c229000 1101       1       java.io.OutputStream::flush (1 bytes)
Event: 278.069 Thread 0x000000001c229000 nmethod 1101 0x0000000002fa7190 code [0x0000000002fa72e0, 0x0000000002fa73f0]

GC Heap History (10 events):
Event: 355.902 GC heap before
{Heap before GC invocations=132 (full 0):
 PSYoungGen      total 35328K, used 35232K [0x000000076ae00000, 0x000000076d480000, 0x00000007c0000000)
  eden space 31232K, 100% used [0x000000076ae00000,0x000000076cc80000,0x000000076cc80000)
  from space 4096K, 97% used [0x000000076cc80000,0x000000076d068000,0x000000076d080000)
  to   space 4096K, 0% used [0x000000076d080000,0x000000076d080000,0x000000076d480000)
 ParOldGen       total 175104K, used 35815K [0x00000006c0a00000, 0x00000006cb500000, 0x000000076ae00000)
  object space 175104K, 20% used [0x00000006c0a00000,0x00000006c2cf9d10,0x00000006cb500000)
 Metaspace       used 11708K, capacity 11907K, committed 12160K, reserved 1060864K
  class space    used 973K, capacity 1066K, committed 1152K, reserved 1048576K
Event: 355.910 GC heap after
Heap after GC invocations=132 (full 0):
 PSYoungGen      total 35328K, used 4000K [0x000000076ae00000, 0x000000076d480000, 0x00000007c0000000)
  eden space 31232K, 0% used [0x000000076ae00000,0x000000076ae00000,0x000000076cc80000)
  from space 4096K, 97% used [0x000000076d080000,0x000000076d468000,0x000000076d480000)
  to   space 4096K, 0% used [0x000000076cc80000,0x000000076cc80000,0x000000076d080000)
 ParOldGen       total 175104K, used 35823K [0x00000006c0a00000, 0x00000006cb500000, 0x000000076ae00000)
  object space 175104K, 20% used [0x00000006c0a00000,0x00000006c2cfbd10,0x00000006cb500000)
 Metaspace       used 11708K, capacity 11907K, committed 12160K, reserved 1060864K
  class space    used 973K, capacity 1066K, committed 1152K, reserved 1048576K
}
Event: 357.652 GC heap before
{Heap before GC invocations=133 (full 0):
 PSYoungGen      total 35328K, used 35232K [0x000000076ae00000, 0x000000076d480000, 0x00000007c0000000)
  eden space 31232K, 100% used [0x000000076ae00000,0x000000076cc80000,0x000000076cc80000)
  from space 4096K, 97% used [0x000000076d080000,0x000000076d468000,0x000000076d480000)
  to   space 4096K, 0% used [0x000000076cc80000,0x000000076cc80000,0x000000076d080000)
 ParOldGen       total 175104K, used 35823K [0x00000006c0a00000, 0x00000006cb500000, 0x000000076ae00000)
  object space 175104K, 20% used [0x00000006c0a00000,0x00000006c2cfbd10,0x00000006cb500000)
 Metaspace       used 11708K, capacity 11907K, committed 12160K, reserved 1060864K
  class space    used 973K, capacity 1066K, committed 1152K, reserved 1048576K
Event: 357.660 GC heap after
Heap after GC invocations=133 (full 0):
 PSYoungGen      total 35328K, used 4000K [0x000000076ae00000, 0x000000076d480000, 0x00000007c0000000)
  eden space 31232K, 0% used [0x000000076ae00000,0x000000076ae00000,0x000000076cc80000)
  from space 4096K, 97% used [0x000000076cc80000,0x000000076d068000,0x000000076d080000)
  to   space 4096K, 0% used [0x000000076d080000,0x000000076d080000,0x000000076d480000)
 ParOldGen       total 175104K, used 35823K [0x00000006c0a00000, 0x00000006cb500000, 0x000000076ae00000)
  object space 175104K, 20% used [0x00000006c0a00000,0x00000006c2cfbd10,0x00000006cb500000)
 Metaspace       used 11708K, capacity 11907K, committed 12160K, reserved 1060864K
  class space    used 973K, capacity 1066K, committed 1152K, reserved 1048576K
}
Event: 359.402 GC heap before
{Heap before GC invocations=134 (full 0):
 PSYoungGen      total 35328K, used 35232K [0x000000076ae00000, 0x000000076d480000, 0x00000007c0000000)
  eden space 31232K, 100% used [0x000000076ae00000,0x000000076cc80000,0x000000076cc80000)
  from space 4096K, 97% used [0x000000076cc80000,0x000000076d068000,0x000000076d080000)
  to   space 4096K, 0% used [0x000000076d080000,0x000000076d080000,0x000000076d480000)
 ParOldGen       total 175104K, used 35823K [0x00000006c0a00000, 0x00000006cb500000, 0x000000076ae00000)
  object space 175104K, 20% used [0x00000006c0a00000,0x00000006c2cfbd10,0x00000006cb500000)
 Metaspace       used 11708K, capacity 11907K, committed 12160K, reserved 1060864K
  class space    used 973K, capacity 1066K, committed 1152K, reserved 1048576K
Event: 359.410 GC heap after
Heap after GC invocations=134 (full 0):
 PSYoungGen      total 35328K, used 3968K [0x000000076ae00000, 0x000000076d480000, 0x00000007c0000000)
  eden space 31232K, 0% used [0x000000076ae00000,0x000000076ae00000,0x000000076cc80000)
  from space 4096K, 96% used [0x000000076d080000,0x000000076d460000,0x000000076d480000)
  to   space 4096K, 0% used [0x000000076cc80000,0x000000076cc80000,0x000000076d080000)
 ParOldGen       total 175104K, used 35823K [0x00000006c0a00000, 0x00000006cb500000, 0x000000076ae00000)
  object space 175104K, 20% used [0x00000006c0a00000,0x00000006c2cfbd10,0x00000006cb500000)
 Metaspace       used 11708K, capacity 11907K, committed 12160K, reserved 1060864K
  class space    used 973K, capacity 1066K, committed 1152K, reserved 1048576K
}
Event: 361.152 GC heap before
{Heap before GC invocations=135 (full 0):
 PSYoungGen      total 35328K, used 35200K [0x000000076ae00000, 0x000000076d480000, 0x00000007c0000000)
  eden space 31232K, 100% used [0x000000076ae00000,0x000000076cc80000,0x000000076cc80000)
  from space 4096K, 96% used [0x000000076d080000,0x000000076d460000,0x000000076d480000)
  to   space 4096K, 0% used [0x000000076cc80000,0x000000076cc80000,0x000000076d080000)
 ParOldGen       total 175104K, used 35823K [0x00000006c0a00000, 0x00000006cb500000, 0x000000076ae00000)
  object space 175104K, 20% used [0x00000006c0a00000,0x00000006c2cfbd10,0x00000006cb500000)
 Metaspace       used 11708K, capacity 11907K, committed 12160K, reserved 1060864K
  class space    used 973K, capacity 1066K, committed 1152K, reserved 1048576K
Event: 361.160 GC heap after
Heap after GC invocations=135 (full 0):
 PSYoungGen      total 35328K, used 4000K [0x000000076ae00000, 0x000000076d480000, 0x00000007c0000000)
  eden space 31232K, 0% used [0x000000076ae00000,0x000000076ae00000,0x000000076cc80000)
  from space 4096K, 97% used [0x000000076cc80000,0x000000076d068000,0x000000076d080000)
  to   space 4096K, 0% used [0x000000076d080000,0x000000076d080000,0x000000076d480000)
 ParOldGen       total 175104K, used 35823K [0x00000006c0a00000, 0x00000006cb500000, 0x000000076ae00000)
  object space 175104K, 20% used [0x00000006c0a00000,0x00000006c2cfbd10,0x00000006cb500000)
 Metaspace       used 11708K, capacity 11907K, committed 12160K, reserved 1060864K
  class space    used 973K, capacity 1066K, committed 1152K, reserved 1048576K
}
Event: 362.887 GC heap before
{Heap before GC invocations=136 (full 0):
 PSYoungGen      total 35328K, used 35232K [0x000000076ae00000, 0x000000076d480000, 0x00000007c0000000)
  eden space 31232K, 100% used [0x000000076ae00000,0x000000076cc80000,0x000000076cc80000)
  from space 4096K, 97% used [0x000000076cc80000,0x000000076d068000,0x000000076d080000)
  to   space 4096K, 0% used [0x000000076d080000,0x000000076d080000,0x000000076d480000)
 ParOldGen       total 175104K, used 35823K [0x00000006c0a00000, 0x00000006cb500000, 0x000000076ae00000)
  object space 175104K, 20% used [0x00000006c0a00000,0x00000006c2cfbd10,0x00000006cb500000)
 Metaspace       used 11708K, capacity 11907K, committed 12160K, reserved 1060864K
  class space    used 973K, capacity 1066K, committed 1152K, reserved 1048576K
Event: 362.899 GC heap after
Heap after GC invocations=136 (full 0):
 PSYoungGen      total 35328K, used 3968K [0x000000076ae00000, 0x000000076d480000, 0x00000007c0000000)
  eden space 31232K, 0% used [0x000000076ae00000,0x000000076ae00000,0x000000076cc80000)
  from space 4096K, 96% used [0x000000076d080000,0x000000076d460000,0x000000076d480000)
  to   space 4096K, 0% used [0x000000076cc80000,0x000000076cc80000,0x000000076d080000)
 ParOldGen       total 175104K, used 35823K [0x00000006c0a00000, 0x00000006cb500000, 0x000000076ae00000)
  object space 175104K, 20% used [0x00000006c0a00000,0x00000006c2cfbd10,0x00000006cb500000)
 Metaspace       used 11708K, capacity 11907K, committed 12160K, reserved 1060864K
  class space    used 973K, capacity 1066K, committed 1152K, reserved 1048576K
}

Deoptimization events (10 events):
Event: 2.783 Thread 0x00000000029ad800 Uncommon trap: reason=unstable_if action=reinterpret pc=0x0000000002e7345c method=java.awt.image.ComponentColorModel.extractComponent(Ljava/lang/Object;II)I @ 4
Event: 2.819 Thread 0x00000000029ad800 Uncommon trap: reason=unstable_if action=reinterpret pc=0x0000000002ea67e8 method=java.awt.image.BufferedImage.getRGB(IIII[III)[I @ 163
Event: 2.820 Thread 0x00000000029ad800 Uncommon trap: reason=unstable_if action=reinterpret pc=0x0000000002ea165c method=render.Texture.<init>(Ljava/lang/String;)V @ 204
Event: 3.423 Thread 0x00000000029ad800 Uncommon trap: reason=unstable_if action=reinterpret pc=0x0000000002efbff4 method=io.Input.isKeyDown(I)Z @ 9
Event: 3.829 Thread 0x000000001c1e9800 Uncommon trap: reason=unstable_if action=reinterpret pc=0x0000000002f14c8c method=sun.misc.Cleaner.remove(Lsun/misc/Cleaner;)Z @ 14
Event: 3.830 Thread 0x000000001c1e9800 Uncommon trap: reason=unstable_if action=reinterpret pc=0x0000000002f15a84 method=sun.misc.Cleaner.remove(Lsun/misc/Cleaner;)Z @ 14
Event: 3.898 Thread 0x00000000029ad800 Uncommon trap: reason=unstable_if action=reinterpret pc=0x0000000002f00588 method=org.joml.Matrix4f.translate(FFF)Lorg/joml/Matrix4f; @ 6
Event: 3.919 Thread 0x00000000029ad800 Uncommon trap: reason=unstable_if action=reinterpret pc=0x0000000002eb99b4 method=Main.<init>()V @ 352
Event: 10.941 Thread 0x000000001c1e9800 Uncommon trap: reason=unstable_if action=reinterpret pc=0x0000000002f5f0c0 method=java.lang.ref.Reference$ReferenceHandler.run()V @ 9
Event: 13.640 Thread 0x00000000029ad800 Uncommon trap: reason=unstable_if action=reinterpret pc=0x0000000002f3f1f0 method=entity.Player.turnOver()Z @ 4

Internal exceptions (10 events):
Event: 2.882 Thread 0x00000000029ad800 Exception <a 'java/lang/ArrayIndexOutOfBoundsException': 255> (0x000000076c84d820) thrown at [C:\re\workspace\8-2-build-windows-amd64-cygwin\jdk8u71\5731\hotspot\src\share\vm\interpreter\interpreterRuntime.cpp, line 366]
Event: 2.882 Thread 0x00000000029ad800 Exception <a 'java/lang/ArrayIndexOutOfBoundsException': 255> (0x000000076c84da58) thrown at [C:\re\workspace\8-2-build-windows-amd64-cygwin\jdk8u71\5731\hotspot\src\share\vm\interpreter\interpreterRuntime.cpp, line 366]
Event: 2.882 Thread 0x00000000029ad800 Exception <a 'java/lang/ArrayIndexOutOfBoundsException': 255> (0x000000076c84dc90) thrown at [C:\re\workspace\8-2-build-windows-amd64-cygwin\jdk8u71\5731\hotspot\src\share\vm\interpreter\interpreterRuntime.cpp, line 366]
Event: 2.882 Thread 0x00000000029ad800 Exception <a 'java/lang/ArrayIndexOutOfBoundsException': 255> (0x000000076c84dec8) thrown at [C:\re\workspace\8-2-build-windows-amd64-cygwin\jdk8u71\5731\hotspot\src\share\vm\interpreter\interpreterRuntime.cpp, line 366]
Event: 2.882 Thread 0x00000000029ad800 Exception <a 'java/lang/ArrayIndexOutOfBoundsException': 255> (0x000000076c84e100) thrown at [C:\re\workspace\8-2-build-windows-amd64-cygwin\jdk8u71\5731\hotspot\src\share\vm\interpreter\interpreterRuntime.cpp, line 366]
Event: 2.882 Thread 0x00000000029ad800 Exception <a 'java/lang/ArrayIndexOutOfBoundsException': 255> (0x000000076c84e338) thrown at [C:\re\workspace\8-2-build-windows-amd64-cygwin\jdk8u71\5731\hotspot\src\share\vm\interpreter\interpreterRuntime.cpp, line 366]
Event: 2.882 Thread 0x00000000029ad800 Exception <a 'java/lang/ArrayIndexOutOfBoundsException': 255> (0x000000076c84e570) thrown at [C:\re\workspace\8-2-build-windows-amd64-cygwin\jdk8u71\5731\hotspot\src\share\vm\interpreter\interpreterRuntime.cpp, line 366]
Event: 2.882 Thread 0x00000000029ad800 Exception <a 'java/lang/ArrayIndexOutOfBoundsException': 255> (0x000000076c84e7a8) thrown at [C:\re\workspace\8-2-build-windows-amd64-cygwin\jdk8u71\5731\hotspot\src\share\vm\interpreter\interpreterRuntime.cpp, line 366]
Event: 2.882 Thread 0x00000000029ad800 Exception <a 'java/lang/ArrayIndexOutOfBoundsException': 255> (0x000000076c84e9e0) thrown at [C:\re\workspace\8-2-build-windows-amd64-cygwin\jdk8u71\5731\hotspot\src\share\vm\interpreter\interpreterRuntime.cpp, line 366]
Event: 10.941 Thread 0x000000001c1e9800 Implicit null exception at 0x0000000002f5e9ee to 0x0000000002f5f0b1

Events (10 events):
Event: 355.902 Executing VM operation: ParallelGCFailedAllocation
Event: 355.910 Executing VM operation: ParallelGCFailedAllocation done
Event: 357.652 Executing VM operation: ParallelGCFailedAllocation
Event: 357.660 Executing VM operation: ParallelGCFailedAllocation done
Event: 359.402 Executing VM operation: ParallelGCFailedAllocation
Event: 359.410 Executing VM operation: ParallelGCFailedAllocation done
Event: 361.152 Executing VM operation: ParallelGCFailedAllocation
Event: 361.160 Executing VM operation: ParallelGCFailedAllocation done
Event: 362.887 Executing VM operation: ParallelGCFailedAllocation
Event: 362.899 Executing VM operation: ParallelGCFailedAllocation done


Dynamic libraries:
0x00007ff7355b0000 - 0x00007ff7355e7000 	C:\Program Files\Java\jre1.8.0_71\bin\javaw.exe
0x00007ffcad040000 - 0x00007ffcad21b000 	C:\WINDOWS\SYSTEM32\ntdll.dll
0x00007ffcabe50000 - 0x00007ffcabefe000 	C:\WINDOWS\System32\KERNEL32.DLL
0x00007ffca9c60000 - 0x00007ffca9ea9000 	C:\WINDOWS\System32\KERNELBASE.dll
0x00007ffcaa760000 - 0x00007ffcaa801000 	C:\WINDOWS\System32\ADVAPI32.dll
0x00007ffcacd60000 - 0x00007ffcacdfd000 	C:\WINDOWS\System32\msvcrt.dll
0x00007ffcace00000 - 0x00007ffcace59000 	C:\WINDOWS\System32\sechost.dll
0x00007ffcac640000 - 0x00007ffcac765000 	C:\WINDOWS\System32\RPCRT4.dll
0x00007ffcac830000 - 0x00007ffcac97a000 	C:\WINDOWS\System32\USER32.dll
0x00007ffcaa310000 - 0x00007ffcaa32e000 	C:\WINDOWS\System32\win32u.dll
0x00007ffcacf70000 - 0x00007ffcacf97000 	C:\WINDOWS\System32\GDI32.dll
0x00007ffca9f80000 - 0x00007ffcaa107000 	C:\WINDOWS\System32\gdi32full.dll
0x00007ffcaa330000 - 0x00007ffcaa3ca000 	C:\WINDOWS\System32\msvcp_win.dll
0x00007ffcaa110000 - 0x00007ffcaa206000 	C:\WINDOWS\System32\ucrtbase.dll
0x00007ffc91250000 - 0x00007ffc914b7000 	C:\WINDOWS\WinSxS\amd64_microsoft.windows.common-controls_6595b64144ccf1df_6.0.15063.483_none_26002d27e7c744a2\COMCTL32.dll
0x00007ffcac340000 - 0x00007ffcac639000 	C:\WINDOWS\System32\combase.dll
0x00007ffca9f10000 - 0x00007ffca9f7a000 	C:\WINDOWS\System32\bcryptPrimitives.dll
0x00007ffcacd30000 - 0x00007ffcacd5d000 	C:\WINDOWS\System32\IMM32.DLL
0x00000000721b0000 - 0x0000000072282000 	C:\Program Files\Java\jre1.8.0_71\bin\msvcr100.dll
0x0000000072450000 - 0x0000000072cdf000 	C:\Program Files\Java\jre1.8.0_71\bin\server\jvm.dll
0x00007ffcac770000 - 0x00007ffcac778000 	C:\WINDOWS\System32\PSAPI.DLL
0x00007ffca3df0000 - 0x00007ffca3df9000 	C:\WINDOWS\SYSTEM32\WSOCK32.dll
0x00007ffcaa5d0000 - 0x00007ffcaa63c000 	C:\WINDOWS\System32\WS2_32.dll
0x00007ffc95830000 - 0x00007ffc95853000 	C:\WINDOWS\SYSTEM32\WINMM.dll
0x00007ffca1060000 - 0x00007ffca106a000 	C:\WINDOWS\SYSTEM32\VERSION.dll
0x00007ffc95780000 - 0x00007ffc957ab000 	C:\WINDOWS\SYSTEM32\WINMMBASE.dll
0x00007ffcaa210000 - 0x00007ffcaa259000 	C:\WINDOWS\System32\cfgmgr32.dll
0x0000000072360000 - 0x000000007236f000 	C:\Program Files\Java\jre1.8.0_71\bin\verify.dll
0x0000000072330000 - 0x0000000072359000 	C:\Program Files\Java\jre1.8.0_71\bin\java.dll
0x0000000072310000 - 0x0000000072326000 	C:\Program Files\Java\jre1.8.0_71\bin\zip.dll
0x00007ffcaa990000 - 0x00007ffcabdc7000 	C:\WINDOWS\System32\SHELL32.dll
0x00007ffcac780000 - 0x00007ffcac82a000 	C:\WINDOWS\System32\shcore.dll
0x00007ffca9560000 - 0x00007ffca9c51000 	C:\WINDOWS\System32\windows.storage.dll
0x00007ffcaccd0000 - 0x00007ffcacd21000 	C:\WINDOWS\System32\shlwapi.dll
0x00007ffca94b0000 - 0x00007ffca94c1000 	C:\WINDOWS\System32\kernel.appcore.dll
0x00007ffca9510000 - 0x00007ffca955c000 	C:\WINDOWS\System32\powrprof.dll
0x00007ffca94d0000 - 0x00007ffca94e5000 	C:\WINDOWS\System32\profapi.dll
0x00000000722f0000 - 0x000000007230a000 	C:\Program Files\Java\jre1.8.0_71\bin\net.dll
0x00007ffca8dc0000 - 0x00007ffca8e1c000 	C:\WINDOWS\system32\mswsock.dll
0x00000000722d0000 - 0x00000000722e1000 	C:\Program Files\Java\jre1.8.0_71\bin\nio.dll
0x00007ffc8f370000 - 0x00007ffc8f3c9000 	C:\Users\James\AppData\Local\Temp\lwjglJames\3.1.5-build-1\lwjgl.dll
0x00007ffc8e730000 - 0x00007ffc8e77e000 	C:\Users\James\AppData\Local\Temp\lwjglJames\3.1.5-build-1\glfw.dll
0x00007ffca7db0000 - 0x00007ffca7e45000 	C:\WINDOWS\system32\uxtheme.dll
0x00007ffc8e5e0000 - 0x00007ffc8e622000 	C:\WINDOWS\SYSTEM32\dinput8.dll
0x00007ffca45f0000 - 0x00007ffca45fe000 	C:\WINDOWS\SYSTEM32\xinput1_4.dll
0x00007ffca7ff0000 - 0x00007ffca8018000 	C:\WINDOWS\SYSTEM32\DEVOBJ.dll
0x00007ffc95590000 - 0x00007ffc955ba000 	C:\WINDOWS\SYSTEM32\dwmapi.dll
0x00007ffcaa810000 - 0x00007ffcaa976000 	C:\WINDOWS\System32\MSCTF.dll
0x00007ffcaa640000 - 0x00007ffcaa700000 	C:\WINDOWS\System32\OLEAUT32.dll
0x00007ffca8370000 - 0x00007ffca837d000 	C:\WINDOWS\SYSTEM32\HID.DLL
0x00007ffcabf00000 - 0x00007ffcac33b000 	C:\WINDOWS\System32\SETUPAPI.DLL
0x00007ffca9eb0000 - 0x00007ffca9f07000 	C:\WINDOWS\System32\WINTRUST.dll
0x00007ffca94f0000 - 0x00007ffca9501000 	C:\WINDOWS\System32\MSASN1.dll
0x00007ffcaa3d0000 - 0x00007ffcaa599000 	C:\WINDOWS\System32\CRYPT32.dll
0x00007ffc826b0000 - 0x00007ffc827d1000 	C:\WINDOWS\SYSTEM32\opengl32.dll
0x00007ffc8f890000 - 0x00007ffc8f8bc000 	C:\WINDOWS\SYSTEM32\GLU32.dll
0x000000006ffb0000 - 0x00000000721aa000 	C:\WINDOWS\SYSTEM32\nvoglv64.DLL
0x00007ffca5a30000 - 0x00007ffca5a43000 	C:\WINDOWS\SYSTEM32\WTSAPI32.dll
0x00007ffca87a0000 - 0x00007ffca87d1000 	C:\WINDOWS\SYSTEM32\ntmarta.dll
0x00007ffca86f0000 - 0x00007ffca8745000 	C:\WINDOWS\SYSTEM32\WINSTA.dll
0x00007ffc9a370000 - 0x00007ffc9a3f2000 	C:\WINDOWS\System32\TextInputFramework.dll
0x00007ffca75a0000 - 0x00007ffca7684000 	C:\WINDOWS\System32\CoreMessaging.dll
0x00007ffc99ef0000 - 0x00007ffc9a1c3000 	C:\WINDOWS\System32\CoreUIComponents.dll
0x00007ffca2510000 - 0x00007ffca2649000 	C:\WINDOWS\SYSTEM32\wintypes.dll
0x00007ffca2870000 - 0x00007ffca2885000 	C:\WINDOWS\SYSTEM32\usermgrcli.dll
0x00007ffc8e580000 - 0x00007ffc8e5df000 	C:\Users\James\AppData\Local\Temp\lwjglJames\3.1.5-build-1\lwjgl_opengl.dll
0x000000006fe10000 - 0x000000006ffa8000 	C:\Program Files\Java\jre1.8.0_71\bin\awt.dll
0x00007ffca7bb0000 - 0x00007ffca7c2e000 	C:\WINDOWS\SYSTEM32\apphelp.dll
0x000000006fdd0000 - 0x000000006fe01000 	C:\Program Files\Java\jre1.8.0_71\bin\jpeg.dll
0x00007ffc87bb0000 - 0x00007ffc87d75000 	C:\Windows\System32\uiautomationcore.dll
0x00007ffc95090000 - 0x00007ffc950fb000 	C:\Windows\System32\OLEACC.dll
0x00007ffcacfa0000 - 0x00007ffcad03e000 	C:\WINDOWS\System32\clbcatq.dll
0x00007ffcac980000 - 0x00007ffcacac5000 	C:\WINDOWS\System32\ole32.dll
0x00007ffca52b0000 - 0x00007ffca5459000 	C:\WINDOWS\SYSTEM32\dbghelp.dll

VM Arguments:
jvm_args: -Dfile.encoding=Cp1252 
java_command: Main
java_class_path (initial): C:\Program Files\Java\jre1.8.0_71\lib\resources.jar;C:\Program Files\Java\jre1.8.0_71\lib\rt.jar;C:\Program Files\Java\jre1.8.0_71\lib\jsse.jar;C:\Program Files\Java\jre1.8.0_71\lib\jce.jar;C:\Program Files\Java\jre1.8.0_71\lib\charsets.jar;C:\Program Files\Java\jre1.8.0_71\lib\jfr.jar;C:\Program Files\Java\jre1.8.0_71\lib\ext\access-bridge-64.jar;C:\Program Files\Java\jre1.8.0_71\lib\ext\cldrdata.jar;C:\Program Files\Java\jre1.8.0_71\lib\ext\dnsns.jar;C:\Program Files\Java\jre1.8.0_71\lib\ext\jaccess.jar;C:\Program Files\Java\jre1.8.0_71\lib\ext\jfxrt.jar;C:\Program Files\Java\jre1.8.0_71\lib\ext\localedata.jar;C:\Program Files\Java\jre1.8.0_71\lib\ext\nashorn.jar;C:\Program Files\Java\jre1.8.0_71\lib\ext\sunec.jar;C:\Program Files\Java\jre1.8.0_71\lib\ext\sunjce_provider.jar;C:\Program Files\Java\jre1.8.0_71\lib\ext\sunmscapi.jar;C:\Program Files\Java\jre1.8.0_71\lib\ext\sunpkcs11.jar;C:\Program Files\Java\jre1.8.0_71\lib\ext\zipfs.jar;C:\Users\James\eclipse-workspace\FYP\bin;C:\libs\lwjgl-3\lwjgl.jar;C:\libs\lwjgl-3\lwjgl-assimp.jar;C:\libs\lwjgl-3\lwjgl-assimp-natives-windows.jar;C:\libs\lwjgl-3\lwjgl-glfw.jar;C:\libs\lwjgl-3\lwjgl-glfw-natives-windows.jar;C:\libs\lwjgl-3\lwjgl-natives-windows.jar;C:\libs\lwjgl-3\lwjgl-openal.jar;C:\libs\lwjgl-3\lwjgl-openal-natives-windows.jar;C:\libs\lwjgl-3\lwjgl-opengl.jar;C:\libs\lwjgl-3\lwjgl-opengl-natives-windows.jar;C:\libs\lwjgl-3\lwjgl-stb.jar;C:\libs\lwjgl-3\lwjgl-stb-natives-windows.jar;C:\libs\lwjgl-3\joml-1.9.8.jar
Launcher Type: SUN_STANDARD

Environment Variables:
PATH=C:/Program Files/Java/jre1.8.0_71/bin/server;C:/Program Files/Java/jre1.8.0_71/bin;C:/Program Files/Java/jre1.8.0_71/lib/amd64;C:\Program Files (x86)\NVIDIA Corporation\PhysX\Common;C:\ProgramData\Oracle\Java\javapath;C:\WINDOWS\system32;C:\WINDOWS;C:\WINDOWS\System32\Wbem;C:\WINDOWS\System32\WindowsPowerShell\v1.0\;C:\Program Files (x86)\Windows Kits\8.1\Windows Performance Toolkit\;C:\Program Files\Microsoft SQL Server\110\Tools\Binn\;C:\Users\James\.dnx\bin;C:\Program Files\Microsoft DNX\Dnvm\;C:\Program Files\Microsoft SQL Server\130\Tools\Binn\;%OPENCV_DIV%\bin;C:\Users\James\Documents\opencv\build\x64\vc14\bin;C:\Users\James\AppData\Local\Microsoft\WindowsApps;;C:\Users\James\Desktop;
USERNAME=James
OS=Windows_NT
PROCESSOR_IDENTIFIER=Intel64 Family 6 Model 58 Stepping 9, GenuineIntel



---------------  S Y S T E M  ---------------

OS: Windows 10.0 , 64 bit Build 15063 (10.0.15063.296)

CPU:total 4 (4 cores per cpu, 1 threads per core) family 6 model 58 stepping 9, cmov, cx8, fxsr, mmx, sse, sse2, sse3, ssse3, sse4.1, sse4.2, popcnt, avx, aes, clmul, erms, tsc, tscinvbit, tscinv

Memory: 4k page, physical 16728588k(10335168k free), swap 19218956k(10217856k free)

vm_info: Java HotSpot(TM) 64-Bit Server VM (25.71-b15) for windows-amd64 JRE (1.8.0_71-b15), built on Dec 22 2015 18:15:55 by "java_re" with MS VC++ 10.0 (VS2010)

time: Wed Feb 28 13:29:56 2018
elapsed time: 363 seconds (0d 0h 6m 3s)

