#
# A fatal error has been detected by the Java Runtime Environment:
#
#  EXCEPTION_ACCESS_VIOLATION (0xc0000005) at pc=0x0000000000e80418, pid=1252, tid=19804
#
# JRE version: Java(TM) SE Runtime Environment (8.0_71-b15) (build 1.8.0_71-b15)
# Java VM: Java HotSpot(TM) 64-Bit Server VM (25.71-b15 mixed mode windows-amd64 compressed oops)
# Problematic frame:
# C  0x0000000000e80418
#
# Failed to write core dump. Minidumps are not enabled by default on client versions of Windows
#
# If you would like to submit a bug report, please visit:
#   http://bugreport.java.com/bugreport/crash.jsp
# The crash happened outside the Java Virtual Machine in native code.
# See problematic frame for where to report the bug.
#

---------------  T H R E A D  ---------------

Current thread (0x000000000134d800):  JavaThread "main" [_thread_in_native, id=19804, stack(0x0000000002b50000,0x0000000002c50000)]

siginfo: ExceptionCode=0xc0000005, ExceptionInformation=0x0000000000000008 0x0000000000e80418

Registers:
RAX=0x0000000071f83160, RBX=0x0000000002d447ca, RCX=0x0000000000e80190, RDX=0x0000000002c4f6f0
RSP=0x0000000002c4f698, RBP=0x0000000002c4f700, RSI=0x0000000000000000, RDI=0x0000000000000000
R8 =0x00007ffc8d1d1b30, R9 =0x0000000000e80190, R10=0x00007ffc8e0e1a30, R11=0x00000000d81606dd
R12=0x0000000000000000, R13=0x000000076cc05068, R14=0x0000000002c4f6f0, R15=0x000000000134d800
RIP=0x0000000000e80418, EFLAGS=0x0000000000010202

Top of Stack: (sp=0x0000000002c4f698)
0x0000000002c4f698:   000000000310bb0a 00000006c0b036c8
0x0000000002c4f6a8:   00000006c0b03820 00000000d815fd74
0x0000000002c4f6b8:   00000006c0b07c98 00010000d81606d6
0x0000000002c4f6c8:   00000006c0b03698 00000006c0b036b0
0x0000000002c4f6d8:   000000076cc03c00 00000007c0044ac0
0x0000000002c4f6e8:   00000006c0a01330 00000006c0a01330
0x0000000002c4f6f8:   000000076b378028 00000000d81606d9
0x0000000002c4f708:   000000000311ebbc 00010000d8160535
0x0000000002c4f718:   000000001e062508 000000001e933ac0
0x0000000002c4f728:   0000000000000000 3e534ccce6900000
0x0000000002c4f738:   00000007c000da48 4130eaefffffffe1
0x0000000002c4f748:   3f9110f991dddf7a 00000007c00016d0
0x0000000002c4f758:   000000076ee08f38 000000076ee08ef8
0x0000000002c4f768:   00000006c0a0cfc8 00000006c0a0cfe8
0x0000000002c4f778:   00000006c0a0d010 3f91111111111111
0x0000000002c4f788:   3fedddddd0e00000 0000001f00000038 

Instructions: (pc=0x0000000000e80418)
0x0000000000e803f8:   b3 10 01 97 ff ff ff ff 00 00 00 00 00 00 00 00
0x0000000000e80408:   00 00 00 00 00 00 00 00 00 00 00 00 00 00 00 00
0x0000000000e80418:   00 00 00 00 00 00 00 00 ee f1 ee f1 00 00 00 00
0x0000000000e80428:   00 00 00 00 00 00 00 00 00 00 00 00 00 00 00 00 


Register to memory mapping:

RAX=0x0000000071f83160 is an unknown value
RBX=0x0000000002d447ca is an unknown value
RCX=0x0000000000e80190 is an unknown value
RDX=0x0000000002c4f6f0 is pointing into the stack for thread: 0x000000000134d800
RSP=0x0000000002c4f698 is pointing into the stack for thread: 0x000000000134d800
RBP=0x0000000002c4f700 is pointing into the stack for thread: 0x000000000134d800
RSI=0x0000000000000000 is an unknown value
RDI=0x0000000000000000 is an unknown value
R8 =0x00007ffc8d1d1b30 is an unknown value
R9 =0x0000000000e80190 is an unknown value
R10=0x00007ffc8e0e1a30 is an unknown value
R11=0x00000000d81606dd is an unknown value
R12=0x0000000000000000 is an unknown value
R13=0x000000076cc05068 is an oop
java.nio.DirectByteBuffer 
 - klass: 'java/nio/DirectByteBuffer'
R14=0x0000000002c4f6f0 is pointing into the stack for thread: 0x000000000134d800
R15=0x000000000134d800 is a thread


Stack: [0x0000000002b50000,0x0000000002c50000],  sp=0x0000000002c4f698,  free space=1021k
Native frames: (J=compiled Java code, j=interpreted, Vv=VM code, C=native code)
C  0x0000000000e80418

Java frames: (J=compiled Java code, j=interpreted, Vv=VM code)
J 1044  org.lwjgl.system.JNI.invokePV(JJ)V (0 bytes) @ 0x000000000310ba84 [0x000000000310ba40+0x44]
J 1050% C2 Main.<init>()V (428 bytes) @ 0x000000000311ebbc [0x000000000311e420+0x79c]
j  Main.main([Ljava/lang/String;)V+3
v  ~StubRoutines::call_stub

---------------  P R O C E S S  ---------------

Java Threads: ( => current thread )
  0x000000001e615800 JavaThread "Java2D Disposer" daemon [_thread_blocked, id=14424, stack(0x00000000267c0000,0x00000000268c0000)]
  0x000000001dd36000 JavaThread "Service Thread" daemon [_thread_blocked, id=7356, stack(0x000000001e110000,0x000000001e210000)]
  0x000000001c3c7800 JavaThread "C1 CompilerThread2" daemon [_thread_blocked, id=18548, stack(0x000000001dc10000,0x000000001dd10000)]
  0x000000001c3c1000 JavaThread "C2 CompilerThread1" daemon [_thread_blocked, id=5812, stack(0x000000001db10000,0x000000001dc10000)]
  0x000000001c3be000 JavaThread "C2 CompilerThread0" daemon [_thread_blocked, id=20376, stack(0x000000001da10000,0x000000001db10000)]
  0x000000001c3bc000 JavaThread "Attach Listener" daemon [_thread_blocked, id=12144, stack(0x000000001d910000,0x000000001da10000)]
  0x000000001c3bb000 JavaThread "Signal Dispatcher" daemon [_thread_blocked, id=15576, stack(0x000000001d810000,0x000000001d910000)]
  0x0000000002d47800 JavaThread "Finalizer" daemon [_thread_blocked, id=7932, stack(0x000000001d620000,0x000000001d720000)]
  0x0000000002d3f000 JavaThread "Reference Handler" daemon [_thread_blocked, id=15364, stack(0x000000001d520000,0x000000001d620000)]
=>0x000000000134d800 JavaThread "main" [_thread_in_native, id=19804, stack(0x0000000002b50000,0x0000000002c50000)]

Other Threads:
  0x000000001c387800 VMThread [stack: 0x000000001d420000,0x000000001d520000] [id=8888]
  0x000000001dd62800 WatcherThread [stack: 0x000000001e210000,0x000000001e310000] [id=14296]

VM state:not at safepoint (normal execution)

VM Mutex/Monitor currently owned by a thread: None

Heap:
 PSYoungGen      total 35328K, used 35168K [0x000000076ae00000, 0x000000076d480000, 0x00000007c0000000)
  eden space 31232K, 100% used [0x000000076ae00000,0x000000076cc80000,0x000000076cc80000)
  from space 4096K, 96% used [0x000000076d080000,0x000000076d458000,0x000000076d480000)
  to   space 4096K, 0% used [0x000000076cc80000,0x000000076cc80000,0x000000076d080000)
 ParOldGen       total 175104K, used 4683K [0x00000006c0a00000, 0x00000006cb500000, 0x000000076ae00000)
  object space 175104K, 2% used [0x00000006c0a00000,0x00000006c0e92ed0,0x00000006cb500000)
 Metaspace       used 11703K, capacity 11911K, committed 12160K, reserved 1060864K
  class space    used 968K, capacity 1066K, committed 1152K, reserved 1048576K

Card table byte_map: [0x0000000012110000,0x0000000012910000] byte_map_base: 0x000000000eb0b000

Marking Bits: (ParMarkBitMap*) 0x0000000072c5f600
 Begin Bits: [0x0000000013270000, 0x0000000017248000)
 End Bits:   [0x0000000017248000, 0x000000001b220000)

Polling page: 0x00000000012c0000

CodeCache: size=245760Kb used=3722Kb max_used=4141Kb free=242037Kb
 bounds [0x0000000002d50000, 0x0000000003170000, 0x0000000011d50000]
 total_blobs=1912 nmethods=982 adapters=843
 compilation: enabled

Compilation events (10 events):
Event: 253.965 Thread 0x000000001c3c7800 1156   !   3       java.io.PrintStream::println (24 bytes)
Event: 253.966 Thread 0x000000001c3c7800 nmethod 1156 0x0000000002ec70d0 code [0x0000000002ec7260, 0x0000000002ec7658]
Event: 253.966 Thread 0x000000001c3c7800 1157       3       java.io.PrintStream::print (13 bytes)
Event: 253.966 Thread 0x000000001c3c7800 nmethod 1157 0x000000000309ca10 code [0x000000000309cb80, 0x000000000309cd48]
Event: 259.965 Thread 0x000000001c3c7800 1158       3       java.lang.Integer::toString (48 bytes)
Event: 259.966 Thread 0x000000001c3c7800 nmethod 1158 0x0000000002e7ea10 code [0x0000000002e7ebe0, 0x0000000002e7f228]
Event: 311.965 Thread 0x000000001c3c7800 1159  s    3       java.io.BufferedOutputStream::write (67 bytes)
Event: 311.966 Thread 0x000000001c3c7800 nmethod 1159 0x0000000003019750 code [0x0000000003019920, 0x000000000301a178]
Event: 311.966 Thread 0x000000001c3c7800 1160       3       java.io.FileOutputStream::write (12 bytes)
Event: 311.966 Thread 0x000000001c3c7800 nmethod 1160 0x00000000030436d0 code [0x0000000003043840, 0x00000000030439c8]

GC Heap History (10 events):
Event: 359.516 GC heap before
{Heap before GC invocations=250 (full 0):
 PSYoungGen      total 35328K, used 35200K [0x000000076ae00000, 0x000000076d480000, 0x00000007c0000000)
  eden space 31232K, 100% used [0x000000076ae00000,0x000000076cc80000,0x000000076cc80000)
  from space 4096K, 96% used [0x000000076cc80000,0x000000076d060000,0x000000076d080000)
  to   space 4096K, 0% used [0x000000076d080000,0x000000076d080000,0x000000076d480000)
 ParOldGen       total 175104K, used 4683K [0x00000006c0a00000, 0x00000006cb500000, 0x000000076ae00000)
  object space 175104K, 2% used [0x00000006c0a00000,0x00000006c0e92ed0,0x00000006cb500000)
 Metaspace       used 11703K, capacity 11911K, committed 12160K, reserved 1060864K
  class space    used 968K, capacity 1066K, committed 1152K, reserved 1048576K
Event: 359.523 GC heap after
Heap after GC invocations=250 (full 0):
 PSYoungGen      total 35328K, used 3968K [0x000000076ae00000, 0x000000076d480000, 0x00000007c0000000)
  eden space 31232K, 0% used [0x000000076ae00000,0x000000076ae00000,0x000000076cc80000)
  from space 4096K, 96% used [0x000000076d080000,0x000000076d460000,0x000000076d480000)
  to   space 4096K, 0% used [0x000000076cc80000,0x000000076cc80000,0x000000076d080000)
 ParOldGen       total 175104K, used 4683K [0x00000006c0a00000, 0x00000006cb500000, 0x000000076ae00000)
  object space 175104K, 2% used [0x00000006c0a00000,0x00000006c0e92ed0,0x00000006cb500000)
 Metaspace       used 11703K, capacity 11911K, committed 12160K, reserved 1060864K
  class space    used 968K, capacity 1066K, committed 1152K, reserved 1048576K
}
Event: 360.399 GC heap before
{Heap before GC invocations=251 (full 0):
 PSYoungGen      total 35328K, used 35200K [0x000000076ae00000, 0x000000076d480000, 0x00000007c0000000)
  eden space 31232K, 100% used [0x000000076ae00000,0x000000076cc80000,0x000000076cc80000)
  from space 4096K, 96% used [0x000000076d080000,0x000000076d460000,0x000000076d480000)
  to   space 4096K, 0% used [0x000000076cc80000,0x000000076cc80000,0x000000076d080000)
 ParOldGen       total 175104K, used 4683K [0x00000006c0a00000, 0x00000006cb500000, 0x000000076ae00000)
  object space 175104K, 2% used [0x00000006c0a00000,0x00000006c0e92ed0,0x00000006cb500000)
 Metaspace       used 11703K, capacity 11911K, committed 12160K, reserved 1060864K
  class space    used 968K, capacity 1066K, committed 1152K, reserved 1048576K
Event: 360.406 GC heap after
Heap after GC invocations=251 (full 0):
 PSYoungGen      total 35328K, used 3936K [0x000000076ae00000, 0x000000076d480000, 0x00000007c0000000)
  eden space 31232K, 0% used [0x000000076ae00000,0x000000076ae00000,0x000000076cc80000)
  from space 4096K, 96% used [0x000000076cc80000,0x000000076d058000,0x000000076d080000)
  to   space 4096K, 0% used [0x000000076d080000,0x000000076d080000,0x000000076d480000)
 ParOldGen       total 175104K, used 4683K [0x00000006c0a00000, 0x00000006cb500000, 0x000000076ae00000)
  object space 175104K, 2% used [0x00000006c0a00000,0x00000006c0e92ed0,0x00000006cb500000)
 Metaspace       used 11703K, capacity 11911K, committed 12160K, reserved 1060864K
  class space    used 968K, capacity 1066K, committed 1152K, reserved 1048576K
}
Event: 361.282 GC heap before
{Heap before GC invocations=252 (full 0):
 PSYoungGen      total 35328K, used 35168K [0x000000076ae00000, 0x000000076d480000, 0x00000007c0000000)
  eden space 31232K, 100% used [0x000000076ae00000,0x000000076cc80000,0x000000076cc80000)
  from space 4096K, 96% used [0x000000076cc80000,0x000000076d058000,0x000000076d080000)
  to   space 4096K, 0% used [0x000000076d080000,0x000000076d080000,0x000000076d480000)
 ParOldGen       total 175104K, used 4683K [0x00000006c0a00000, 0x00000006cb500000, 0x000000076ae00000)
  object space 175104K, 2% used [0x00000006c0a00000,0x00000006c0e92ed0,0x00000006cb500000)
 Metaspace       used 11703K, capacity 11911K, committed 12160K, reserved 1060864K
  class space    used 968K, capacity 1066K, committed 1152K, reserved 1048576K
Event: 361.290 GC heap after
Heap after GC invocations=252 (full 0):
 PSYoungGen      total 35328K, used 3968K [0x000000076ae00000, 0x000000076d480000, 0x00000007c0000000)
  eden space 31232K, 0% used [0x000000076ae00000,0x000000076ae00000,0x000000076cc80000)
  from space 4096K, 96% used [0x000000076d080000,0x000000076d460000,0x000000076d480000)
  to   space 4096K, 0% used [0x000000076cc80000,0x000000076cc80000,0x000000076d080000)
 ParOldGen       total 175104K, used 4683K [0x00000006c0a00000, 0x00000006cb500000, 0x000000076ae00000)
  object space 175104K, 2% used [0x00000006c0a00000,0x00000006c0e92ed0,0x00000006cb500000)
 Metaspace       used 11703K, capacity 11911K, committed 12160K, reserved 1060864K
  class space    used 968K, capacity 1066K, committed 1152K, reserved 1048576K
}
Event: 362.165 GC heap before
{Heap before GC invocations=253 (full 0):
 PSYoungGen      total 35328K, used 35200K [0x000000076ae00000, 0x000000076d480000, 0x00000007c0000000)
  eden space 31232K, 100% used [0x000000076ae00000,0x000000076cc80000,0x000000076cc80000)
  from space 4096K, 96% used [0x000000076d080000,0x000000076d460000,0x000000076d480000)
  to   space 4096K, 0% used [0x000000076cc80000,0x000000076cc80000,0x000000076d080000)
 ParOldGen       total 175104K, used 4683K [0x00000006c0a00000, 0x00000006cb500000, 0x000000076ae00000)
  object space 175104K, 2% used [0x00000006c0a00000,0x00000006c0e92ed0,0x00000006cb500000)
 Metaspace       used 11703K, capacity 11911K, committed 12160K, reserved 1060864K
  class space    used 968K, capacity 1066K, committed 1152K, reserved 1048576K
Event: 362.174 GC heap after
Heap after GC invocations=253 (full 0):
 PSYoungGen      total 35328K, used 3936K [0x000000076ae00000, 0x000000076d480000, 0x00000007c0000000)
  eden space 31232K, 0% used [0x000000076ae00000,0x000000076ae00000,0x000000076cc80000)
  from space 4096K, 96% used [0x000000076cc80000,0x000000076d058000,0x000000076d080000)
  to   space 4096K, 0% used [0x000000076d080000,0x000000076d080000,0x000000076d480000)
 ParOldGen       total 175104K, used 4683K [0x00000006c0a00000, 0x00000006cb500000, 0x000000076ae00000)
  object space 175104K, 2% used [0x00000006c0a00000,0x00000006c0e92ed0,0x00000006cb500000)
 Metaspace       used 11703K, capacity 11911K, committed 12160K, reserved 1060864K
  class space    used 968K, capacity 1066K, committed 1152K, reserved 1048576K
}
Event: 363.033 GC heap before
{Heap before GC invocations=254 (full 0):
 PSYoungGen      total 35328K, used 35168K [0x000000076ae00000, 0x000000076d480000, 0x00000007c0000000)
  eden space 31232K, 100% used [0x000000076ae00000,0x000000076cc80000,0x000000076cc80000)
  from space 4096K, 96% used [0x000000076cc80000,0x000000076d058000,0x000000076d080000)
  to   space 4096K, 0% used [0x000000076d080000,0x000000076d080000,0x000000076d480000)
 ParOldGen       total 175104K, used 4683K [0x00000006c0a00000, 0x00000006cb500000, 0x000000076ae00000)
  object space 175104K, 2% used [0x00000006c0a00000,0x00000006c0e92ed0,0x00000006cb500000)
 Metaspace       used 11703K, capacity 11911K, committed 12160K, reserved 1060864K
  class space    used 968K, capacity 1066K, committed 1152K, reserved 1048576K
Event: 363.040 GC heap after
Heap after GC invocations=254 (full 0):
 PSYoungGen      total 35328K, used 3936K [0x000000076ae00000, 0x000000076d480000, 0x00000007c0000000)
  eden space 31232K, 0% used [0x000000076ae00000,0x000000076ae00000,0x000000076cc80000)
  from space 4096K, 96% used [0x000000076d080000,0x000000076d458000,0x000000076d480000)
  to   space 4096K, 0% used [0x000000076cc80000,0x000000076cc80000,0x000000076d080000)
 ParOldGen       total 175104K, used 4683K [0x00000006c0a00000, 0x00000006cb500000, 0x000000076ae00000)
  object space 175104K, 2% used [0x00000006c0a00000,0x00000006c0e92ed0,0x00000006cb500000)
 Metaspace       used 11703K, capacity 11911K, committed 12160K, reserved 1060864K
  class space    used 968K, capacity 1066K, committed 1152K, reserved 1048576K
}

Deoptimization events (10 events):
Event: 2.761 Thread 0x000000000134d800 Uncommon trap: reason=unstable_if action=reinterpret pc=0x000000000301d988 method=java.awt.image.ComponentColorModel.getRGB(Ljava/lang/Object;)I @ 4
Event: 2.761 Thread 0x000000000134d800 Uncommon trap: reason=unstable_if action=reinterpret pc=0x0000000003019bdc method=java.awt.image.ComponentColorModel.getAlpha(Ljava/lang/Object;)I @ 4
Event: 2.761 Thread 0x000000000134d800 Uncommon trap: reason=unstable_if action=reinterpret pc=0x0000000003017c1c method=java.awt.image.ComponentColorModel.extractComponent(Ljava/lang/Object;II)I @ 4
Event: 2.800 Thread 0x000000000134d800 Uncommon trap: reason=unstable_if action=reinterpret pc=0x000000000304e7e8 method=java.awt.image.BufferedImage.getRGB(IIII[III)[I @ 163
Event: 2.801 Thread 0x000000000134d800 Uncommon trap: reason=unstable_if action=reinterpret pc=0x000000000304aedc method=render.Texture.<init>(Ljava/lang/String;)V @ 204
Event: 3.199 Thread 0x000000000134d800 Uncommon trap: reason=unstable_if action=reinterpret pc=0x000000000305c1b4 method=Main.<init>()V @ 352
Event: 3.849 Thread 0x000000000134d800 Uncommon trap: reason=predicate action=maybe_recompile pc=0x00000000030a8008 method=Main.<init>()V @ 237
Event: 5.086 Thread 0x0000000002d3f000 Uncommon trap: reason=unstable_if action=reinterpret pc=0x00000000030ce044 method=sun.misc.Cleaner.remove(Lsun/misc/Cleaner;)Z @ 14
Event: 5.821 Thread 0x000000000134d800 Uncommon trap: reason=unstable_if action=reinterpret pc=0x00000000030a5b88 method=org.joml.Matrix4f.translate(FFF)Lorg/joml/Matrix4f; @ 6
Event: 8.153 Thread 0x000000000134d800 Uncommon trap: reason=unstable_if action=reinterpret pc=0x00000000030c7178 method=entity.Player.turnOver()Z @ 4

Internal exceptions (10 events):
Event: 2.848 Thread 0x000000000134d800 Exception <a 'java/lang/ArrayIndexOutOfBoundsException': 255> (0x000000076c76d458) thrown at [C:\re\workspace\8-2-build-windows-amd64-cygwin\jdk8u71\5731\hotspot\src\share\vm\interpreter\interpreterRuntime.cpp, line 366]
Event: 2.848 Thread 0x000000000134d800 Exception <a 'java/lang/ArrayIndexOutOfBoundsException': 255> (0x000000076c76d690) thrown at [C:\re\workspace\8-2-build-windows-amd64-cygwin\jdk8u71\5731\hotspot\src\share\vm\interpreter\interpreterRuntime.cpp, line 366]
Event: 2.848 Thread 0x000000000134d800 Exception <a 'java/lang/ArrayIndexOutOfBoundsException': 255> (0x000000076c76d8c8) thrown at [C:\re\workspace\8-2-build-windows-amd64-cygwin\jdk8u71\5731\hotspot\src\share\vm\interpreter\interpreterRuntime.cpp, line 366]
Event: 2.848 Thread 0x000000000134d800 Exception <a 'java/lang/ArrayIndexOutOfBoundsException': 255> (0x000000076c76db00) thrown at [C:\re\workspace\8-2-build-windows-amd64-cygwin\jdk8u71\5731\hotspot\src\share\vm\interpreter\interpreterRuntime.cpp, line 366]
Event: 2.848 Thread 0x000000000134d800 Exception <a 'java/lang/ArrayIndexOutOfBoundsException': 255> (0x000000076c76dd38) thrown at [C:\re\workspace\8-2-build-windows-amd64-cygwin\jdk8u71\5731\hotspot\src\share\vm\interpreter\interpreterRuntime.cpp, line 366]
Event: 2.848 Thread 0x000000000134d800 Exception <a 'java/lang/ArrayIndexOutOfBoundsException': 255> (0x000000076c76df70) thrown at [C:\re\workspace\8-2-build-windows-amd64-cygwin\jdk8u71\5731\hotspot\src\share\vm\interpreter\interpreterRuntime.cpp, line 366]
Event: 2.848 Thread 0x000000000134d800 Exception <a 'java/lang/ArrayIndexOutOfBoundsException': 255> (0x000000076c76e1a8) thrown at [C:\re\workspace\8-2-build-windows-amd64-cygwin\jdk8u71\5731\hotspot\src\share\vm\interpreter\interpreterRuntime.cpp, line 366]
Event: 2.848 Thread 0x000000000134d800 Exception <a 'java/lang/ArrayIndexOutOfBoundsException': 255> (0x000000076c76e3e0) thrown at [C:\re\workspace\8-2-build-windows-amd64-cygwin\jdk8u71\5731\hotspot\src\share\vm\interpreter\interpreterRuntime.cpp, line 366]
Event: 2.848 Thread 0x000000000134d800 Exception <a 'java/lang/ArrayIndexOutOfBoundsException': 255> (0x000000076c76e618) thrown at [C:\re\workspace\8-2-build-windows-amd64-cygwin\jdk8u71\5731\hotspot\src\share\vm\interpreter\interpreterRuntime.cpp, line 366]
Event: 2.848 Thread 0x000000000134d800 Exception <a 'java/lang/ArrayIndexOutOfBoundsException': 255> (0x000000076c76e850) thrown at [C:\re\workspace\8-2-build-windows-amd64-cygwin\jdk8u71\5731\hotspot\src\share\vm\interpreter\interpreterRuntime.cpp, line 366]

Events (10 events):
Event: 359.516 Executing VM operation: ParallelGCFailedAllocation
Event: 359.524 Executing VM operation: ParallelGCFailedAllocation done
Event: 360.399 Executing VM operation: ParallelGCFailedAllocation
Event: 360.407 Executing VM operation: ParallelGCFailedAllocation done
Event: 361.282 Executing VM operation: ParallelGCFailedAllocation
Event: 361.290 Executing VM operation: ParallelGCFailedAllocation done
Event: 362.165 Executing VM operation: ParallelGCFailedAllocation
Event: 362.174 Executing VM operation: ParallelGCFailedAllocation done
Event: 363.033 Executing VM operation: ParallelGCFailedAllocation
Event: 363.040 Executing VM operation: ParallelGCFailedAllocation done


Dynamic libraries:
0x00007ff7355b0000 - 0x00007ff7355e7000 	C:\Program Files\Java\jre1.8.0_71\bin\javaw.exe
0x00007ffcad040000 - 0x00007ffcad21b000 	C:\WINDOWS\SYSTEM32\ntdll.dll
0x00007ffcabe50000 - 0x00007ffcabefe000 	C:\WINDOWS\System32\KERNEL32.DLL
0x00007ffca9c60000 - 0x00007ffca9ea9000 	C:\WINDOWS\System32\KERNELBASE.dll
0x00007ffcaa760000 - 0x00007ffcaa801000 	C:\WINDOWS\System32\ADVAPI32.dll
0x00007ffcacd60000 - 0x00007ffcacdfd000 	C:\WINDOWS\System32\msvcrt.dll
0x00007ffcace00000 - 0x00007ffcace59000 	C:\WINDOWS\System32\sechost.dll
0x00007ffcac640000 - 0x00007ffcac765000 	C:\WINDOWS\System32\RPCRT4.dll
0x00007ffcac830000 - 0x00007ffcac97a000 	C:\WINDOWS\System32\USER32.dll
0x00007ffcaa310000 - 0x00007ffcaa32e000 	C:\WINDOWS\System32\win32u.dll
0x00007ffcacf70000 - 0x00007ffcacf97000 	C:\WINDOWS\System32\GDI32.dll
0x00007ffca9f80000 - 0x00007ffcaa107000 	C:\WINDOWS\System32\gdi32full.dll
0x00007ffcaa330000 - 0x00007ffcaa3ca000 	C:\WINDOWS\System32\msvcp_win.dll
0x00007ffcaa110000 - 0x00007ffcaa206000 	C:\WINDOWS\System32\ucrtbase.dll
0x00007ffc91250000 - 0x00007ffc914b7000 	C:\WINDOWS\WinSxS\amd64_microsoft.windows.common-controls_6595b64144ccf1df_6.0.15063.483_none_26002d27e7c744a2\COMCTL32.dll
0x00007ffcac340000 - 0x00007ffcac639000 	C:\WINDOWS\System32\combase.dll
0x00007ffca9f10000 - 0x00007ffca9f7a000 	C:\WINDOWS\System32\bcryptPrimitives.dll
0x00007ffcacd30000 - 0x00007ffcacd5d000 	C:\WINDOWS\System32\IMM32.DLL
0x00000000721b0000 - 0x0000000072282000 	C:\Program Files\Java\jre1.8.0_71\bin\msvcr100.dll
0x0000000072450000 - 0x0000000072cdf000 	C:\Program Files\Java\jre1.8.0_71\bin\server\jvm.dll
0x00007ffcac770000 - 0x00007ffcac778000 	C:\WINDOWS\System32\PSAPI.DLL
0x00007ffc95830000 - 0x00007ffc95853000 	C:\WINDOWS\SYSTEM32\WINMM.dll
0x00007ffca3c30000 - 0x00007ffca3c39000 	C:\WINDOWS\SYSTEM32\WSOCK32.dll
0x00007ffca1060000 - 0x00007ffca106a000 	C:\WINDOWS\SYSTEM32\VERSION.dll
0x00007ffcaa5d0000 - 0x00007ffcaa63c000 	C:\WINDOWS\System32\WS2_32.dll
0x00007ffc95780000 - 0x00007ffc957ab000 	C:\WINDOWS\SYSTEM32\WINMMBASE.dll
0x00007ffcaa210000 - 0x00007ffcaa259000 	C:\WINDOWS\System32\cfgmgr32.dll
0x0000000072360000 - 0x000000007236f000 	C:\Program Files\Java\jre1.8.0_71\bin\verify.dll
0x0000000072330000 - 0x0000000072359000 	C:\Program Files\Java\jre1.8.0_71\bin\java.dll
0x0000000072310000 - 0x0000000072326000 	C:\Program Files\Java\jre1.8.0_71\bin\zip.dll
0x00007ffcaa990000 - 0x00007ffcabdc7000 	C:\WINDOWS\System32\SHELL32.dll
0x00007ffcac780000 - 0x00007ffcac82a000 	C:\WINDOWS\System32\shcore.dll
0x00007ffca9560000 - 0x00007ffca9c51000 	C:\WINDOWS\System32\windows.storage.dll
0x00007ffcaccd0000 - 0x00007ffcacd21000 	C:\WINDOWS\System32\shlwapi.dll
0x00007ffca94b0000 - 0x00007ffca94c1000 	C:\WINDOWS\System32\kernel.appcore.dll
0x00007ffca9510000 - 0x00007ffca955c000 	C:\WINDOWS\System32\powrprof.dll
0x00007ffca94d0000 - 0x00007ffca94e5000 	C:\WINDOWS\System32\profapi.dll
0x00000000722f0000 - 0x000000007230a000 	C:\Program Files\Java\jre1.8.0_71\bin\net.dll
0x00007ffca8dc0000 - 0x00007ffca8e1c000 	C:\WINDOWS\system32\mswsock.dll
0x00000000722d0000 - 0x00000000722e1000 	C:\Program Files\Java\jre1.8.0_71\bin\nio.dll
0x00007ffc8e0e0000 - 0x00007ffc8e139000 	C:\Users\James\AppData\Local\Temp\lwjglJames\3.1.5-build-1\lwjgl.dll
0x00007ffc8d1d0000 - 0x00007ffc8d21e000 	C:\Users\James\AppData\Local\Temp\lwjglJames\3.1.5-build-1\glfw.dll
0x00007ffca7db0000 - 0x00007ffca7e45000 	C:\WINDOWS\system32\uxtheme.dll
0x00007ffc8d020000 - 0x00007ffc8d062000 	C:\WINDOWS\SYSTEM32\dinput8.dll
0x00007ffca3df0000 - 0x00007ffca3dfe000 	C:\WINDOWS\SYSTEM32\xinput1_4.dll
0x00007ffca7ff0000 - 0x00007ffca8018000 	C:\WINDOWS\SYSTEM32\DEVOBJ.dll
0x00007ffc95590000 - 0x00007ffc955ba000 	C:\WINDOWS\SYSTEM32\dwmapi.dll
0x00007ffcaa810000 - 0x00007ffcaa976000 	C:\WINDOWS\System32\MSCTF.dll
0x00007ffcaa640000 - 0x00007ffcaa700000 	C:\WINDOWS\System32\OLEAUT32.dll
0x00007ffca8370000 - 0x00007ffca837d000 	C:\WINDOWS\SYSTEM32\HID.DLL
0x00007ffcabf00000 - 0x00007ffcac33b000 	C:\WINDOWS\System32\SETUPAPI.DLL
0x00007ffca9eb0000 - 0x00007ffca9f07000 	C:\WINDOWS\System32\WINTRUST.dll
0x00007ffca94f0000 - 0x00007ffca9501000 	C:\WINDOWS\System32\MSASN1.dll
0x00007ffcaa3d0000 - 0x00007ffcaa599000 	C:\WINDOWS\System32\CRYPT32.dll
0x00007ffc869f0000 - 0x00007ffc86b11000 	C:\WINDOWS\SYSTEM32\opengl32.dll
0x00007ffc8f5f0000 - 0x00007ffc8f61c000 	C:\WINDOWS\SYSTEM32\GLU32.dll
0x000000006ffb0000 - 0x00000000721aa000 	C:\WINDOWS\SYSTEM32\nvoglv64.DLL
0x00007ffca5a30000 - 0x00007ffca5a43000 	C:\WINDOWS\SYSTEM32\WTSAPI32.dll
0x00007ffca87a0000 - 0x00007ffca87d1000 	C:\WINDOWS\SYSTEM32\ntmarta.dll
0x00007ffca86f0000 - 0x00007ffca8745000 	C:\WINDOWS\SYSTEM32\WINSTA.dll
0x00007ffc9a370000 - 0x00007ffc9a3f2000 	C:\WINDOWS\System32\TextInputFramework.dll
0x00007ffc99ef0000 - 0x00007ffc9a1c3000 	C:\WINDOWS\System32\CoreUIComponents.dll
0x00007ffca75a0000 - 0x00007ffca7684000 	C:\WINDOWS\System32\CoreMessaging.dll
0x00007ffca2510000 - 0x00007ffca2649000 	C:\WINDOWS\SYSTEM32\wintypes.dll
0x00007ffca2870000 - 0x00007ffca2885000 	C:\WINDOWS\SYSTEM32\usermgrcli.dll
0x00007ffc8cfc0000 - 0x00007ffc8d01f000 	C:\Users\James\AppData\Local\Temp\lwjglJames\3.1.5-build-1\lwjgl_opengl.dll
0x000000006fe10000 - 0x000000006ffa8000 	C:\Program Files\Java\jre1.8.0_71\bin\awt.dll
0x00007ffca7bb0000 - 0x00007ffca7c2e000 	C:\WINDOWS\SYSTEM32\apphelp.dll
0x000000006fdd0000 - 0x000000006fe01000 	C:\Program Files\Java\jre1.8.0_71\bin\jpeg.dll
0x00007ffc87bb0000 - 0x00007ffc87d75000 	C:\Windows\System32\uiautomationcore.dll
0x00007ffc95090000 - 0x00007ffc950fb000 	C:\Windows\System32\OLEACC.dll
0x00007ffcacfa0000 - 0x00007ffcad03e000 	C:\WINDOWS\System32\clbcatq.dll
0x00007ffcac980000 - 0x00007ffcacac5000 	C:\WINDOWS\System32\ole32.dll
0x00007ffca52b0000 - 0x00007ffca5459000 	C:\WINDOWS\SYSTEM32\dbghelp.dll

VM Arguments:
jvm_args: -Dfile.encoding=Cp1252 
java_command: Main
java_class_path (initial): C:\Program Files\Java\jre1.8.0_71\lib\resources.jar;C:\Program Files\Java\jre1.8.0_71\lib\rt.jar;C:\Program Files\Java\jre1.8.0_71\lib\jsse.jar;C:\Program Files\Java\jre1.8.0_71\lib\jce.jar;C:\Program Files\Java\jre1.8.0_71\lib\charsets.jar;C:\Program Files\Java\jre1.8.0_71\lib\jfr.jar;C:\Program Files\Java\jre1.8.0_71\lib\ext\access-bridge-64.jar;C:\Program Files\Java\jre1.8.0_71\lib\ext\cldrdata.jar;C:\Program Files\Java\jre1.8.0_71\lib\ext\dnsns.jar;C:\Program Files\Java\jre1.8.0_71\lib\ext\jaccess.jar;C:\Program Files\Java\jre1.8.0_71\lib\ext\jfxrt.jar;C:\Program Files\Java\jre1.8.0_71\lib\ext\localedata.jar;C:\Program Files\Java\jre1.8.0_71\lib\ext\nashorn.jar;C:\Program Files\Java\jre1.8.0_71\lib\ext\sunec.jar;C:\Program Files\Java\jre1.8.0_71\lib\ext\sunjce_provider.jar;C:\Program Files\Java\jre1.8.0_71\lib\ext\sunmscapi.jar;C:\Program Files\Java\jre1.8.0_71\lib\ext\sunpkcs11.jar;C:\Program Files\Java\jre1.8.0_71\lib\ext\zipfs.jar;C:\Users\James\eclipse-workspace\FYP\bin;C:\libs\lwjgl-3\lwjgl.jar;C:\libs\lwjgl-3\lwjgl-assimp.jar;C:\libs\lwjgl-3\lwjgl-assimp-natives-windows.jar;C:\libs\lwjgl-3\lwjgl-glfw.jar;C:\libs\lwjgl-3\lwjgl-glfw-natives-windows.jar;C:\libs\lwjgl-3\lwjgl-natives-windows.jar;C:\libs\lwjgl-3\lwjgl-openal.jar;C:\libs\lwjgl-3\lwjgl-openal-natives-windows.jar;C:\libs\lwjgl-3\lwjgl-opengl.jar;C:\libs\lwjgl-3\lwjgl-opengl-natives-windows.jar;C:\libs\lwjgl-3\lwjgl-stb.jar;C:\libs\lwjgl-3\lwjgl-stb-natives-windows.jar;C:\libs\lwjgl-3\joml-1.9.8.jar
Launcher Type: SUN_STANDARD

Environment Variables:
PATH=C:/Program Files/Java/jre1.8.0_71/bin/server;C:/Program Files/Java/jre1.8.0_71/bin;C:/Program Files/Java/jre1.8.0_71/lib/amd64;C:\Program Files (x86)\NVIDIA Corporation\PhysX\Common;C:\ProgramData\Oracle\Java\javapath;C:\WINDOWS\system32;C:\WINDOWS;C:\WINDOWS\System32\Wbem;C:\WINDOWS\System32\WindowsPowerShell\v1.0\;C:\Program Files (x86)\Windows Kits\8.1\Windows Performance Toolkit\;C:\Program Files\Microsoft SQL Server\110\Tools\Binn\;C:\Users\James\.dnx\bin;C:\Program Files\Microsoft DNX\Dnvm\;C:\Program Files\Microsoft SQL Server\130\Tools\Binn\;%OPENCV_DIV%\bin;C:\Users\James\Documents\opencv\build\x64\vc14\bin;C:\Users\James\AppData\Local\Microsoft\WindowsApps;;C:\Users\James\Desktop;
USERNAME=James
OS=Windows_NT
PROCESSOR_IDENTIFIER=Intel64 Family 6 Model 58 Stepping 9, GenuineIntel



---------------  S Y S T E M  ---------------

OS: Windows 10.0 , 64 bit Build 15063 (10.0.15063.296)

CPU:total 4 (4 cores per cpu, 1 threads per core) family 6 model 58 stepping 9, cmov, cx8, fxsr, mmx, sse, sse2, sse3, ssse3, sse4.1, sse4.2, popcnt, avx, aes, clmul, erms, tsc, tscinvbit, tscinv

Memory: 4k page, physical 16728588k(8862188k free), swap 19218956k(8694996k free)

vm_info: Java HotSpot(TM) 64-Bit Server VM (25.71-b15) for windows-amd64 JRE (1.8.0_71-b15), built on Dec 22 2015 18:15:55 by "java_re" with MS VC++ 10.0 (VS2010)

time: Tue Feb 27 18:13:41 2018
elapsed time: 363 seconds (0d 0h 6m 3s)

